C51 COMPILER V9.00   NRF24L01发送                                                          06/09/2020 13:29:51 PAGE 1   


C51 COMPILER V9.00, COMPILATION OF MODULE NRF24L01发送
OBJECT MODULE PLACED IN NRF24L01发送.OBJ
COMPILER INVOKED BY: D:\Keil_v4\C51\BIN\C51.EXE NRF24L01发送.c LARGE BROWSE INCDIR(.\NRF2401;.\Usart;.\LCD1602;.\XPT2406
                    -) DEBUG OBJECTEXTEND

line level    source

   1          /*************************************DoWell电子******************************************************
   2          @文件名    : NRF24L01发送.c
   3          @描述              : 主函数文件，发送程序
   4          @实验平台  : nRF24l01无线模块+STC89C52最小系统板（带有nRF24L01模块接口）
   5          ****************************************************************************************************/
   6          #include <stdio.h>
   7          #include <string.h>
   8          #include <reg52.h>
   9          #include "NRF24L01.h"
  10          #include "Usart_Config.h"
  11          #include "Type_Define.h"
  12          #include "XPT2046.h"    
  13          
  14          typedef unsigned int u16;         //对数据类型进行声明定义
  15          typedef unsigned char u8;
  16          #define uchar unsigned char
  17          #define uint unsigned int
  18          
  19          //************************************LED***************************************************
  20          sbit  LED1  = P2^0;      //定义单片机P2口的第1位 （即P2.0）为指示端
  21          sbit  LED3      = P2^2;  //定义单片机P2口的第3位 （即P2.2）为指示端
  22          sbit  LED8  = P2^7;      //用于指示数据发送状态，在测试24L01时使用
  23          sbit  LED2  = P2^1;     
  24          
  25          
  26          sbit  DOUT1 = P1^0;      //定义单片机P1口的第1位 （即P1.0）为传感器的输入端
  27          sbit  DOUT2 = P1^5;      //定义单片机P1口的第2位 （即P1.1）为传感器的输入端
  28          
  29          
  30          sbit k1=P3^1;    //定义P31口是k1
  31          /********************************************************************************
  32          @函数名称:      Delay_ms()
  33          @描述：                 普通延时函数，当z等于1时大概1ms
  34          @输入：                 无
  35          @输出：                 无
  36          @返回：                 无
  37          @注意事项：     无
  38          ********************************************************************************/
  39          void delay_ms(uint z)
  40          {
  41   1        uint x,y;
  42   1              for(x = 0;x < z;x++)
  43   1                for(y = 0;y < 110;y++);
  44   1      }
  45          
  46          /*******************************************************************************
  47          * 函数名         :datapros()
  48          * 函数功能               :数据处理函数
  49          * 输入           : 无
  50          * 输出           : 无
  51          *******************************************************************************/
  52          uint datapros1(){
  53   1              uint temp = (Read_AD_Data(0xA4)/4);             //   AIN2 光敏电阻
  54   1              return temp;    
C51 COMPILER V9.00   NRF24L01发送                                                          06/09/2020 13:29:51 PAGE 2   

  55   1      }
  56          
  57          uint datapros2(){
  58   1              uint temp = (Read_AD_Data(0xE4)/12);            //   AIN3 外部输入
  59   1              return temp;    
  60   1      }
  61          
  62          /********************************************************************************
  63          @函数名称:      Mode()
  64          @描述：                 操作模式 自动模式，约每2秒发送一次数据
  65          @输入：                 无
  66          @输出：                 无
  67          @返回：                 无
  68          @注意事项：     无
  69          ********************************************************************************/
  70          
  71          void Mode(uint light,uint rain ,uint d)                                                          
  72          {                                                       
  73   1              //按照次序分别是光强，雨量，有无烟雾，有无火
  74   1              char template[] = "%d#%d#%d#";
  75   1      
  76   1              uchar Display_Buff[32];
  77   1              sprintf(Display_Buff,template,light,rain,d);
  78   1              NRF24L01_TxPacket(Display_Buff);                 // 发送        TxBuf 中的数据
  79   1      
  80   1              LED8=0;                                                                          // 点亮LED以做提示
  81   1      }
  82          /********************************************************************************
  83          @函数名称:      main()
  84          @描述：                 主函数
  85          @输入：                 无
  86          @输出：                 无
  87          @返回：                 无
  88          @注意事项：     无
  89          ********************************************************************************/
  90          void main(void){                                                                  
  91   1              uint data1;
  92   1              uint data2;
  93   1              uint d = 0;
  94   1              Init_NRF24L01();//初始化24L01
  95   1              delay_ms(100);
  96   1              while(1){
  97   2                      LED8=0; 
  98   2                      LED1=1;
  99   2                      LED3=1;
 100   2                      if(DOUT1==0)//当火焰高于设定值时 ，执行条件函数
 101   2                      {
 102   3                              delay_ms(10);//延时抗干扰
 103   3                              if(DOUT1==0)//确定火焰高于设定值时 ，执行条件函数
 104   3                              {
 105   4                                      LED1=0;    //点亮P2.0口灯
 106   4                                      d |= 0x00000001;
 107   4                                      delay_ms(200);
 108   4                              }else d &= 254;
 109   3                      }else d &= 254;
 110   2                      if(DOUT2==0)//当烟雾浓度浓度高于设定值时 ，执行条件函数
 111   2                      {
 112   3                              delay_ms(10);//延时抗干扰
 113   3                              if(DOUT2==0)//确定烟雾浓度浓度高于设定值时 ，执行条件函数
 114   3                              {
 115   4                                      LED3=0;    //点亮P2.2口灯
 116   4                                      d |= 0x00000002;
C51 COMPILER V9.00   NRF24L01发送                                                          06/09/2020 13:29:51 PAGE 3   

 117   4                                      delay_ms(200);
 118   4                              } else d &= 253;
 119   3                      } else d &= 253;
 120   2                       
 121   2                      if(k1==0)                 //检测按键K1是否按下
 122   2                      {       
 123   3                              delay_ms(10);   //消除抖动 一般大约10ms
 124   3                              if(k1==0)        //再次判断按键是否按下
 125   3                              {
 126   4                                      d |= 4;
 127   4                                      LED2 = 0;         //led状态取反
 128   4                              } else {
 129   4                                      d &= 251;
 130   4                                      LED2 = 1;
 131   4                              }
 132   3                      } else {
 133   3                              d &= 251;
 134   3                              LED2 = 1;
 135   3                      }
 136   2                      data1 = datapros1();    //数据处理函数
 137   2                      data2 = datapros2();
 138   2                      Mode(data1,data2,d);            //自动发送数据
 139   2                      LED8=1;                         //发完一次熄灭LED以做提示
 140   2                      delay_ms(200);
 141   2              }       
 142   1      }


MODULE INFORMATION:   STATIC OVERLAYABLE
   CODE SIZE        =    374    ----
   CONSTANT SIZE    =     10    ----
   XDATA SIZE       =   ----      54
   PDATA SIZE       =   ----    ----
   DATA SIZE        =   ----    ----
   IDATA SIZE       =   ----    ----
   BIT SIZE         =   ----    ----
END OF MODULE INFORMATION.


C51 COMPILATION COMPLETE.  0 WARNING(S),  0 ERROR(S)
